2025-04-01 07:25:40,935 INFO o.a.j.u.JMeterUtils: Setting Locale to en_EN
2025-04-01 07:25:40,959 INFO o.a.j.JMeter: Loading user properties from: /home/codespace/jmeter/bin/user.properties
2025-04-01 07:25:40,961 INFO o.a.j.JMeter: Loading system properties from: /home/codespace/jmeter/bin/system.properties
2025-04-01 07:25:40,973 INFO o.a.j.JMeter: Copyright (c) 1998-2024 The Apache Software Foundation
2025-04-01 07:25:40,973 INFO o.a.j.JMeter: Version 5.6.3
2025-04-01 07:25:40,973 INFO o.a.j.JMeter: java.version=21.0.6
2025-04-01 07:25:40,973 INFO o.a.j.JMeter: java.vm.name=OpenJDK 64-Bit Server VM
2025-04-01 07:25:40,973 INFO o.a.j.JMeter: os.name=Linux
2025-04-01 07:25:40,974 INFO o.a.j.JMeter: os.arch=amd64
2025-04-01 07:25:40,974 INFO o.a.j.JMeter: os.version=6.8.0-1021-azure
2025-04-01 07:25:40,974 INFO o.a.j.JMeter: file.encoding=UTF-8
2025-04-01 07:25:40,974 INFO o.a.j.JMeter: java.awt.headless=true
2025-04-01 07:25:40,974 INFO o.a.j.JMeter: Max memory     =1073741824
2025-04-01 07:25:40,974 INFO o.a.j.JMeter: Available Processors =2
2025-04-01 07:25:40,989 INFO o.a.j.JMeter: Default Locale=English (EN)
2025-04-01 07:25:40,991 INFO o.a.j.JMeter: JMeter  Locale=English (EN)
2025-04-01 07:25:40,991 INFO o.a.j.JMeter: JMeterHome=/home/codespace/jmeter
2025-04-01 07:25:40,992 INFO o.a.j.JMeter: user.dir  =/workspaces/GameLibraryAPI
2025-04-01 07:25:40,992 INFO o.a.j.JMeter: PWD       =/workspaces/GameLibraryAPI
2025-04-01 07:25:40,993 INFO o.a.j.JMeter: IP: 127.0.0.1 Name: codespaces-0ea420 FullName: localhost
2025-04-01 07:25:41,012 INFO o.a.j.s.FileServer: Default base='/workspaces/GameLibraryAPI'
2025-04-01 07:25:41,022 INFO o.a.j.s.FileServer: Set new base='/workspaces/GameLibraryAPI/PerformanceTests'
2025-04-01 07:25:41,306 INFO o.a.j.s.SaveService: Testplan (JMX) version: 2.2. Testlog (JTL) version: 2.2
2025-04-01 07:25:41,351 INFO o.a.j.s.SaveService: Using SaveService properties version 5.0
2025-04-01 07:25:41,358 INFO o.a.j.s.SaveService: Using SaveService properties file encoding UTF-8
2025-04-01 07:25:41,366 INFO o.a.j.s.SaveService: Loading file: PerformanceTests/TestPerformantaRent.jmx
2025-04-01 07:25:41,436 INFO o.a.j.p.h.s.HTTPSamplerBase: Parser for text/html is org.apache.jmeter.protocol.http.parser.LagartoBasedHtmlParser
2025-04-01 07:25:41,438 INFO o.a.j.p.h.s.HTTPSamplerBase: Parser for application/xhtml+xml is org.apache.jmeter.protocol.http.parser.LagartoBasedHtmlParser
2025-04-01 07:25:41,438 INFO o.a.j.p.h.s.HTTPSamplerBase: Parser for application/xml is org.apache.jmeter.protocol.http.parser.LagartoBasedHtmlParser
2025-04-01 07:25:41,438 INFO o.a.j.p.h.s.HTTPSamplerBase: Parser for text/xml is org.apache.jmeter.protocol.http.parser.LagartoBasedHtmlParser
2025-04-01 07:25:41,439 INFO o.a.j.p.h.s.HTTPSamplerBase: Parser for text/vnd.wap.wml is org.apache.jmeter.protocol.http.parser.RegexpHTMLParser
2025-04-01 07:25:41,439 INFO o.a.j.p.h.s.HTTPSamplerBase: Parser for text/css is org.apache.jmeter.protocol.http.parser.CssParser
2025-04-01 07:25:41,486 INFO o.a.j.JMeter: Creating summariser <summary>
2025-04-01 07:25:41,509 INFO o.a.j.e.StandardJMeterEngine: Running the test!
2025-04-01 07:25:41,511 INFO o.a.j.s.SampleEvent: List of sample_variables: []
2025-04-01 07:25:41,512 INFO o.a.j.s.SampleEvent: List of sample_variables: []
2025-04-01 07:25:41,525 INFO o.a.j.e.u.CompoundVariable: Note: Function class names must contain the string: '.functions.'
2025-04-01 07:25:41,526 INFO o.a.j.e.u.CompoundVariable: Note: Function class names must not contain the string: '.gui.'
2025-04-01 07:25:41,610 INFO o.a.j.JMeter: Running test (1743492341609)
2025-04-01 07:25:41,647 INFO o.a.j.e.StandardJMeterEngine: Starting ThreadGroup: 1 : Thread Group
2025-04-01 07:25:41,648 INFO o.a.j.e.StandardJMeterEngine: Starting 10 threads for group Thread Group.
2025-04-01 07:25:41,648 INFO o.a.j.e.StandardJMeterEngine: Thread will continue on error
2025-04-01 07:25:41,648 INFO o.a.j.t.ThreadGroup: Starting thread group... number=1 threads=10 ramp-up=5 delayedStart=false
2025-04-01 07:25:41,659 INFO o.a.j.t.JMeterThread: Thread started: Thread Group 1-1
2025-04-01 07:25:41,671 INFO o.a.j.t.ThreadGroup: Started thread group number 1
2025-04-01 07:25:41,672 INFO o.a.j.e.StandardJMeterEngine: All thread groups have been started
2025-04-01 07:25:42,155 INFO o.a.j.t.JMeterThread: Thread started: Thread Group 1-2
2025-04-01 07:25:42,171 INFO o.a.j.s.SampleResult: Note: Sample TimeStamps are START times
2025-04-01 07:25:42,171 INFO o.a.j.s.SampleResult: sampleresult.default.encoding is set to UTF-8
2025-04-01 07:25:42,171 INFO o.a.j.s.SampleResult: sampleresult.useNanoTime=true
2025-04-01 07:25:42,172 INFO o.a.j.s.SampleResult: sampleresult.nanoThreadSleep=5000
2025-04-01 07:25:42,652 INFO o.a.j.t.JMeterThread: Thread started: Thread Group 1-3
2025-04-01 07:25:43,153 INFO o.a.j.t.JMeterThread: Thread started: Thread Group 1-4
2025-04-01 07:25:43,652 INFO o.a.j.t.JMeterThread: Thread started: Thread Group 1-5
2025-04-01 07:25:44,150 INFO o.a.j.t.JMeterThread: Thread started: Thread Group 1-6
2025-04-01 07:25:44,649 INFO o.a.j.t.JMeterThread: Thread started: Thread Group 1-7
2025-04-01 07:25:45,150 INFO o.a.j.t.JMeterThread: Thread started: Thread Group 1-8
2025-04-01 07:25:45,649 INFO o.a.j.t.JMeterThread: Thread started: Thread Group 1-9
2025-04-01 07:25:46,149 INFO o.a.j.t.JMeterThread: Thread started: Thread Group 1-10
2025-04-01 07:25:51,684 INFO o.a.j.t.JMeterThread: Thread is done: Thread Group 1-1
2025-04-01 07:25:51,684 INFO o.a.j.t.JMeterThread: Thread finished: Thread Group 1-1
2025-04-01 07:25:52,166 INFO o.a.j.t.JMeterThread: Thread is done: Thread Group 1-2
2025-04-01 07:25:52,166 INFO o.a.j.t.JMeterThread: Thread finished: Thread Group 1-2
2025-04-01 07:25:52,664 INFO o.a.j.t.JMeterThread: Thread is done: Thread Group 1-3
2025-04-01 07:25:52,664 INFO o.a.j.t.JMeterThread: Thread finished: Thread Group 1-3
2025-04-01 07:25:53,163 INFO o.a.j.t.JMeterThread: Thread is done: Thread Group 1-4
2025-04-01 07:25:53,163 INFO o.a.j.t.JMeterThread: Thread finished: Thread Group 1-4
2025-04-01 07:25:53,661 INFO o.a.j.t.JMeterThread: Thread is done: Thread Group 1-5
2025-04-01 07:25:53,661 INFO o.a.j.t.JMeterThread: Thread finished: Thread Group 1-5
2025-04-01 07:25:54,161 INFO o.a.j.t.JMeterThread: Thread is done: Thread Group 1-6
2025-04-01 07:25:54,162 INFO o.a.j.t.JMeterThread: Thread finished: Thread Group 1-6
2025-04-01 07:25:54,660 INFO o.a.j.t.JMeterThread: Thread is done: Thread Group 1-7
2025-04-01 07:25:54,661 INFO o.a.j.t.JMeterThread: Thread finished: Thread Group 1-7
2025-04-01 07:25:55,162 INFO o.a.j.t.JMeterThread: Thread is done: Thread Group 1-8
2025-04-01 07:25:55,162 INFO o.a.j.t.JMeterThread: Thread finished: Thread Group 1-8
2025-04-01 07:25:55,661 INFO o.a.j.t.JMeterThread: Thread is done: Thread Group 1-9
2025-04-01 07:25:55,661 INFO o.a.j.t.JMeterThread: Thread finished: Thread Group 1-9
2025-04-01 07:25:56,162 INFO o.a.j.t.JMeterThread: Thread is done: Thread Group 1-10
2025-04-01 07:25:56,162 INFO o.a.j.t.JMeterThread: Thread finished: Thread Group 1-10
2025-04-01 07:25:56,163 INFO o.a.j.e.StandardJMeterEngine: Notifying test listeners of end of test
2025-04-01 07:25:56,165 INFO o.a.j.r.Summariser: summary =    200 in 00:00:15 =   13.7/s Avg:     0 Min:     0 Max:     0 Err:   200 (100.00%)
